<?xml version="1.0" encoding="UTF-8"?>
<testng-results skipped="0" failed="0" ignored="0" total="1" passed="1">
  <reporter-output>
  </reporter-output>
  <suite name="Default suite" duration-ms="212" started-at="2020-04-02T12:45:12Z" finished-at="2020-04-02T12:45:12Z">
    <groups>
    </groups>
    <test name="Default test" duration-ms="212" started-at="2020-04-02T12:45:12Z" finished-at="2020-04-02T12:45:12Z">
      <class name="frameWork.DBTest">
        <test-method status="PASS" signature="setUp()[pri:0, instance:frameWork.DBTest@77caeb3e]" name="setUp" is-config="true" duration-ms="177" started-at="2020-04-02T18:15:12Z" finished-at="2020-04-02T18:15:12Z">
          <reporter-output>
          </reporter-output>
        </test-method> <!-- setUp -->
        <test-method status="PASS" signature="test()[pri:0, instance:frameWork.DBTest@77caeb3e]" name="test" duration-ms="7" started-at="2020-04-02T18:15:12Z" finished-at="2020-04-02T18:15:12Z">
          <reporter-output>
          </reporter-output>
        </test-method> <!-- test -->
        <test-method status="PASS" signature="close()[pri:0, instance:frameWork.DBTest@77caeb3e]" name="close" is-config="true" duration-ms="1" started-at="2020-04-02T18:15:12Z" finished-at="2020-04-02T18:15:12Z">
          <reporter-output>
          </reporter-output>
        </test-method> <!-- close -->
      </class> <!-- frameWork.DBTest -->
    </test> <!-- Default test -->
  </suite> <!-- Default suite -->
</testng-results>
