<?xml version="1.0" encoding="UTF-8"?>
<!-- Generated by org.testng.reporters.JUnitXMLReporter -->
<testsuite hostname="ZS-DSK-0014" ignored="3" name="Patricia_Poc" tests="4" failures="1" timestamp="17 Mar 2020 10:32:54 GMT" time="214.258" errors="0">
  <testcase name="testCaseCreation" time="45.496" classname="test.TestcaseCreation"/>
  <testcase name="testAddDocument" time="32.232" classname="test.TestAddDocument"/>
  <testcase name="testDocumentPreview" time="25.284" classname="test.TestDocumentPreview"/>
  <testcase name="testSearchCase" time="29.657" classname="test.TestSearchforNegativeCase">
    <failure type="java.lang.AssertionError" message="There are No documents available">
      <![CDATA[java.lang.AssertionError: There are No documents available
	at pages.webAction.documentWidget(webAction.java:236)
	at test.TestSearchforNegativeCase.testSearchCase(TestSearchforNegativeCase.java:35)
... Removed 26 stack frames]]>
    </failure>
  </testcase> <!-- testSearchCase -->
  <testcase name="@BeforeSuite before_suite" time="0.0" classname="pages.webAction">
    <ignored/>
  </testcase> <!-- @BeforeSuite before_suite -->
  <testcase name="@BeforeSuite before_suite" time="0.0" classname="pages.webAction">
    <ignored/>
  </testcase> <!-- @BeforeSuite before_suite -->
  <testcase name="@BeforeSuite before_suite" time="0.0" classname="pages.webAction">
    <ignored/>
  </testcase> <!-- @BeforeSuite before_suite -->
</testsuite> <!-- Patricia_Poc -->
